30.04.2020 19:33:18 info: Начало работы скрипта
30.04.2020 19:33:18 error: Error: На странице https://111kino.mail.ru/cinema/selection/2743_filmi_antistress_30_nespeshnih_filmov_dlya_sozertsaniya/ фильмы не найдены!
30.04.2020 19:33:48 info: Начало работы скрипта
01.05.2020 14:43:51 info: Начало работы скрипта
01.05.2020 14:43:52 info: Загрузка страницы https://kino.mail.ru/cinema/selection/2743_filmi_antistress_30_nespeshnih_filmov_dlya_sozertsaniya/
01.05.2020 14:45:59 info: Начало работы скрипта
01.05.2020 14:45:59 error: SyntaxError: D:\Sait\moviepars\src\config.json: Unexpected token / in JSON at position 2
01.05.2020 14:46:38 info: Начало работы скрипта
01.05.2020 14:46:41 info: Загрузка страницы https://kino.mail.ru/cinema/selection/439_i_umu_i_serdtsu_50_idealnih_filmov_dlya_dlinnih_vihodnih/
01.05.2020 14:47:54 info: Начало работы скрипта
01.05.2020 14:47:57 info: Загрузка страницы https://kino.mail.ru/cinema/selection/2743_filmi_antistress_30_nespeshnih_filmov_dlya_sozertsaniya/
01.05.2020 15:01:10 info: Начало работы скрипта
01.05.2020 15:01:10 info: Загрузка страницы https://kino.mail.ru/cinema/selection/2743_filmi_antistress_30_nespeshnih_filmov_dlya_sozertsaniya/
01.05.2020 15:02:11 info: Начало работы скрипта
01.05.2020 15:02:11 info: Загрузка страницы https://kino.mail.ru/cinema/selection/2743_filmi_antistress_30_nespeshnih_filmov_dlya_sozertsaniya/
01.05.2020 15:02:32 info: Начало работы скрипта
01.05.2020 15:02:32 info: Загрузка страницы https://kino.mail.ru/cinema/selection/2743_filmi_antistress_30_nespeshnih_filmov_dlya_sozertsaniya/
01.05.2020 15:06:31 info: Начало работы скрипта
01.05.2020 15:06:31 info: Загрузка страницы https://kino.mail.ru/cinema/selection/2743_filmi_antistress_30_nespeshnih_filmov_dlya_sozertsaniya/
01.05.2020 15:07:08 info: Начало работы скрипта
01.05.2020 15:07:08 info: Загрузка страницы https://kino.mail.ru/cinema/selection/2743_filmi_antistress_30_nespeshnih_filmov_dlya_sozertsaniya/
01.05.2020 15:08:01 info: Начало работы скрипта
01.05.2020 15:08:01 info: Загрузка страницы https://kino.mail.ru/cinema/selection/2743_filmi_antistress_30_nespeshnih_filmov_dlya_sozertsaniya/
01.05.2020 15:08:34 info: Начало работы скрипта
01.05.2020 15:08:34 info: Загрузка страницы https://kino.mail.ru/cinema/selection/2743_filmi_antistress_30_nespeshnih_filmov_dlya_sozertsaniya/
01.05.2020 15:11:10 info: Начало работы скрипта
01.05.2020 15:11:10 info: Загрузка страницы https://kino.mail.ru/cinema/selection/2743_filmi_antistress_30_nespeshnih_filmov_dlya_sozertsaniya/
01.05.2020 15:11:31 info: Начало работы скрипта
01.05.2020 15:11:31 info: Загрузка страницы https://kino.mail.ru/cinema/selection/2743_filmi_antistress_30_nespeshnih_filmov_dlya_sozertsaniya/
01.05.2020 15:25:43 info: Начало работы скрипта
01.05.2020 15:25:43 info: Загрузка страницы https://kino.mail.ru/cinema/selection/2743_filmi_antistress_30_nespeshnih_filmov_dlya_sozertsaniya/
01.05.2020 15:26:21 info: Начало работы скрипта
01.05.2020 15:26:21 info: Загрузка страницы https://kino.mail.ru/cinema/selection/2743_filmi_antistress_30_nespeshnih_filmov_dlya_sozertsaniya/
01.05.2020 15:26:46 info: Начало работы скрипта
01.05.2020 15:26:46 info: Загрузка страницы https://kino.mail.ru/cinema/selection/2743_filmi_antistress_30_nespeshnih_filmov_dlya_sozertsaniya/
01.05.2020 15:27:22 info: Начало работы скрипта
01.05.2020 15:27:22 info: Загрузка страницы https://kino.mail.ru/cinema/selection/2743_filmi_antistress_30_nespeshnih_filmov_dlya_sozertsaniya/
01.05.2020 15:28:48 info: Начало работы скрипта
01.05.2020 15:28:48 info: Загрузка страницы https://kino.mail.ru/cinema/selection/2743_filmi_antistress_30_nespeshnih_filmov_dlya_sozertsaniya/
01.05.2020 15:29:19 info: Начало работы скрипта
01.05.2020 15:29:19 info: Загрузка страницы https://kino.mail.ru/cinema/selection/2743_filmi_antistress_30_nespeshnih_filmov_dlya_sozertsaniya/
01.05.2020 15:31:24 info: Начало работы скрипта
01.05.2020 15:31:24 info: Загрузка страницы https://kino.mail.ru/cinema/selection/2743_filmi_antistress_30_nespeshnih_filmov_dlya_sozertsaniya/
01.05.2020 15:31:39 info: Начало работы скрипта
01.05.2020 15:31:39 info: Загрузка страницы https://kino.mail.ru/cinema/selection/2743_filmi_antistress_30_nespeshnih_filmov_dlya_sozertsaniya/
01.05.2020 15:32:12 info: Начало работы скрипта
01.05.2020 15:32:12 info: Загрузка страницы https://kino.mail.ru/cinema/selection/2743_filmi_antistress_30_nespeshnih_filmov_dlya_sozertsaniya/
01.05.2020 15:32:37 info: Начало работы скрипта
01.05.2020 15:32:37 info: Загрузка страницы https://kino.mail.ru/cinema/selection/2743_filmi_antistress_30_nespeshnih_filmov_dlya_sozertsaniya/
01.05.2020 15:33:17 info: Начало работы скрипта
01.05.2020 15:33:17 info: Загрузка страницы https://kino.mail.ru/cinema/selection/2743_filmi_antistress_30_nespeshnih_filmov_dlya_sozertsaniya/
01.05.2020 15:34:47 info: Начало работы скрипта
01.05.2020 15:34:47 info: Загрузка страницы https://kino.mail.ru/cinema/selection/2743_filmi_antistress_30_nespeshnih_filmov_dlya_sozertsaniya/
01.05.2020 15:35:09 info: Начало работы скрипта
01.05.2020 15:35:09 info: Загрузка страницы https://kino.mail.ru/cinema/selection/2743_filmi_antistress_30_nespeshnih_filmov_dlya_sozertsaniya/
01.05.2020 15:36:14 info: Начало работы скрипта
01.05.2020 15:36:14 info: Загрузка страницы https://kino.mail.ru/cinema/selection/2743_filmi_antistress_30_nespeshnih_filmov_dlya_sozertsaniya/
01.05.2020 15:38:53 info: Начало работы скрипта
01.05.2020 15:38:53 info: Загрузка страницы https://kino.mail.ru/cinema/selection/2743_filmi_antistress_30_nespeshnih_filmov_dlya_sozertsaniya/
01.05.2020 15:39:09 info: Начало работы скрипта
01.05.2020 15:39:09 info: Загрузка страницы https://kino.mail.ru/cinema/selection/2743_filmi_antistress_30_nespeshnih_filmov_dlya_sozertsaniya/
01.05.2020 15:42:28 info: Начало работы скрипта
01.05.2020 15:42:28 info: Загрузка страницы https://kino.mail.ru/cinema/selection/2743_filmi_antistress_30_nespeshnih_filmov_dlya_sozertsaniya/
01.05.2020 16:17:25 info: Начало работы скрипта
01.05.2020 16:17:25 info: Загрузка страницы https://kino.mail.ru/cinema/selection/2743_filmi_antistress_30_nespeshnih_filmov_dlya_sozertsaniya/
01.05.2020 16:17:27 error: ReferenceError: Papa is not defined
01.05.2020 16:17:42 info: Начало работы скрипта
01.05.2020 16:17:42 info: Загрузка страницы https://kino.mail.ru/cinema/selection/2743_filmi_antistress_30_nespeshnih_filmov_dlya_sozertsaniya/
01.05.2020 16:23:54 info: Начало работы скрипта
01.05.2020 16:23:54 info: Загрузка страницы https://kino.mail.ru/cinema/selection/2743_filmi_antistress_30_nespeshnih_filmov_dlya_sozertsaniya/
01.05.2020 16:29:32 info: Начало работы скрипта
01.05.2020 16:29:32 info: Загрузка страницы https://kino.mail.ru/cinema/selection/2743_filmi_antistress_30_nespeshnih_filmov_dlya_sozertsaniya/
01.05.2020 16:29:33 info: Результаты парсинга экспортированы D:\Sait\moviepars\src\out\out.csv
01.05.2020 16:31:14 info: Начало работы скрипта
01.05.2020 16:31:14 info: Загрузка страницы https://kino.mail.ru/cinema/selection/2743_filmi_antistress_30_nespeshnih_filmov_dlya_sozertsaniya/
01.05.2020 16:31:16 info: Результаты парсинга экспортированы D:\Sait\moviepars\src\out\out.csv
01.05.2020 18:40:06 info: Начало работы скрипта
01.05.2020 18:40:06 info: Загрузка страницы https://kino.mail.ru/cinema/selection/2743_filmi_antistress_30_nespeshnih_filmov_dlya_sozertsaniya/
01.05.2020 18:40:07 info: Результаты парсинга экспортированы D:\Sait\moviepars\src\out\out.csv
01.05.2020 18:41:37 info: Начало работы скрипта
01.05.2020 18:41:37 info: Загрузка страницы https://www.kinopoisk.ru/name/42125/
01.05.2020 18:41:37 error: TypeError: Cannot read property 'length' of null
01.05.2020 18:42:41 info: Начало работы скрипта
01.05.2020 18:42:41 info: Загрузка страницы https://www.kinopoisk.ru/name/42125/
01.05.2020 18:42:42 error: TypeError: Cannot read property 'length' of null
01.05.2020 18:44:15 info: Начало работы скрипта
01.05.2020 18:44:15 info: Загрузка страницы https://www.kinopoisk.ru/name/42125/
01.05.2020 18:44:16 error: Error: На странице https://www.kinopoisk.ru/name/42125/ фильмы не найдены!
01.05.2020 18:44:40 info: Начало работы скрипта
01.05.2020 18:44:40 info: Загрузка страницы https://www.kinopoisk.ru/name/42125/
01.05.2020 18:44:41 error: Error: На странице https://www.kinopoisk.ru/name/42125/ фильмы не найдены!
01.05.2020 18:49:49 info: Начало работы скрипта
01.05.2020 18:49:49 info: Загрузка страницы https://www.kinopoisk.ru/name/42125/
01.05.2020 18:49:49 error: Error: На странице https://www.kinopoisk.ru/name/42125/ фильмы не найдены!
01.05.2020 18:56:59 info: Начало работы скрипта
01.05.2020 18:56:59 info: Загрузка страницы https://www.kinopoisk.ru/name/42125/
01.05.2020 18:57:00 error: TypeError: Cannot read property 'length' of undefined
01.05.2020 18:57:36 info: Начало работы скрипта
01.05.2020 18:57:36 info: Загрузка страницы https://www.kinopoisk.ru/name/42125/
01.05.2020 18:57:37 error: Error: На странице https://www.kinopoisk.ru/name/42125/ фильмы не найдены!
01.05.2020 18:58:30 info: Начало работы скрипта
01.05.2020 18:58:30 info: Загрузка страницы https://www.kinopoisk.ru/name/42125/
01.05.2020 18:58:30 error: Error: На странице https://www.kinopoisk.ru/name/42125/ фильмы не найдены!
01.05.2020 18:58:53 info: Начало работы скрипта
01.05.2020 18:58:53 info: Загрузка страницы https://www.kinopoisk.ru/name/42125/
01.05.2020 18:58:53 error: Error: На странице https://www.kinopoisk.ru/name/42125/ фильмы не найдены!
01.05.2020 20:02:24 info: Начало работы скрипта
01.05.2020 20:02:24 info: Загрузка страницы...
01.05.2020 20:03:07 info: Начало работы скрипта
01.05.2020 20:03:07 info: Загрузка страницы...
01.05.2020 20:03:07 error: Error: ENOENT: no such file or directory, open 'D:\Sait\moviepars\src\tmp\file.html'
01.05.2020 20:05:31 info: Начало работы скрипта
01.05.2020 20:05:31 info: Загрузка страницы...
01.05.2020 20:06:10 info: Начало работы скрипта
01.05.2020 20:06:10 info: Загрузка страницы...
01.05.2020 20:06:32 info: Начало работы скрипта
01.05.2020 20:06:32 info: Загрузка страницы...
01.05.2020 20:13:58 info: Начало работы скрипта
01.05.2020 20:13:58 info: Загрузка страницы...
01.05.2020 20:13:58 error: Error: ENOENT: no such file or directory, open 'D:\Sait\moviepars\src\tmp\file.html'
01.05.2020 20:14:09 info: Начало работы скрипта
01.05.2020 20:14:09 info: Загрузка страницы...
01.05.2020 20:14:09 error: Error: ENOENT: no such file or directory, open 'D:\Sait\moviepars\src\tmp\file.html'
01.05.2020 20:14:21 info: Начало работы скрипта
01.05.2020 20:14:21 info: Загрузка страницы...
01.05.2020 20:14:21 error: Error: ENOENT: no such file or directory, open 'D:\Sait\moviepars\src\tmp\file.html'
01.05.2020 20:14:44 info: Начало работы скрипта
01.05.2020 20:14:44 info: Загрузка страницы...
01.05.2020 20:17:12 info: Начало работы скрипта
01.05.2020 20:17:12 info: Загрузка страницы...
01.05.2020 20:35:05 info: Начало работы скрипта
01.05.2020 20:35:05 info: Загрузка страницы...
01.05.2020 20:35:06 info: Результаты парсинга экспортированы D:\Sait\moviepars\src\out\out.csv
02.05.2020 18:17:01 info: Начало работы скрипта
02.05.2020 18:17:01 info: Загрузка страницы...
02.05.2020 18:17:01 error: ReferenceError: movie is not defined
02.05.2020 18:17:25 info: Начало работы скрипта
02.05.2020 18:17:25 info: Загрузка страницы...
02.05.2020 18:17:25 error: TypeError: Cannot convert undefined or null to object
02.05.2020 18:37:45 info: Начало работы скрипта
02.05.2020 18:37:45 info: Загрузка страницы...
02.05.2020 18:37:45 error: TypeError: Cannot convert undefined or null to object
02.05.2020 18:38:18 info: Начало работы скрипта
02.05.2020 18:38:18 info: Загрузка страницы...
02.05.2020 18:38:18 error: TypeError: Cannot convert undefined or null to object
02.05.2020 18:38:45 info: Начало работы скрипта
02.05.2020 18:38:45 info: Загрузка страницы...
02.05.2020 18:38:45 error: TypeError [ERR_INVALID_ARG_TYPE]: The "url" argument must be of type string. Received type undefined
02.05.2020 18:39:34 info: Начало работы скрипта
02.05.2020 18:39:34 info: Загрузка страницы...
02.05.2020 18:39:36 info: Результаты парсинга экспортированы D:\Sait\moviepars\src\out\out.csv
02.05.2020 18:55:20 info: Начало работы скрипта
02.05.2020 18:55:20 info: Загрузка страницы...
02.05.2020 18:55:21 info: Результаты парсинга экспортированы D:\Sait\moviepars\src\out\out.csv
02.05.2020 18:55:33 info: Начало работы скрипта
02.05.2020 18:55:33 info: Загрузка страницы...
02.05.2020 18:55:33 error: TypeError [ERR_INVALID_URL]: Invalid URL: /search/person
02.05.2020 18:56:01 info: Начало работы скрипта
02.05.2020 18:56:02 info: Загрузка страницы...
02.05.2020 18:56:02 error: TypeError [ERR_INVALID_URL]: Invalid URL: /search/person
02.05.2020 18:56:13 info: Начало работы скрипта
02.05.2020 18:56:13 info: Загрузка страницы...
02.05.2020 18:56:13 error: TypeError [ERR_INVALID_URL]: Invalid URL: /search/person
02.05.2020 18:59:25 info: Начало работы скрипта
02.05.2020 18:59:25 info: Загрузка страницы...
02.05.2020 18:59:25 error: TypeError: url is not a function
02.05.2020 19:00:47 info: Начало работы скрипта
02.05.2020 19:00:47 info: Загрузка страницы...
02.05.2020 19:00:47 error: TypeError [ERR_INVALID_URL]: Invalid URL: /search/person
02.05.2020 19:01:01 info: Начало работы скрипта
02.05.2020 19:01:01 info: Загрузка страницы...
02.05.2020 19:01:01 error: TypeError [ERR_INVALID_URL]: Invalid URL: search/person
02.05.2020 19:03:11 info: Начало работы скрипта
02.05.2020 19:03:11 info: Загрузка страницы...
02.05.2020 19:03:25 info: Начало работы скрипта
02.05.2020 19:03:25 info: Загрузка страницы...
02.05.2020 19:06:57 info: Начало работы скрипта
02.05.2020 19:06:57 info: Загрузка страницы...
02.05.2020 19:07:32 info: Начало работы скрипта
02.05.2020 19:07:32 info: Загрузка страницы...
02.05.2020 19:11:18 info: Начало работы скрипта
02.05.2020 19:11:18 info: Загрузка страницы...
02.05.2020 19:12:22 info: Начало работы скрипта
02.05.2020 19:12:22 info: Загрузка страницы...
02.05.2020 19:14:07 info: Начало работы скрипта
02.05.2020 19:14:07 info: Загрузка страницы...
02.05.2020 19:14:46 info: Начало работы скрипта
02.05.2020 19:14:46 info: Загрузка страницы...
02.05.2020 19:19:35 info: Начало работы скрипта
02.05.2020 19:19:35 info: Загрузка страницы...
02.05.2020 19:19:52 info: Начало работы скрипта
02.05.2020 19:19:52 info: Загрузка страницы...
02.05.2020 19:19:53 error: Error: Request failed with status code 401
02.05.2020 19:21:27 info: Начало работы скрипта
02.05.2020 19:21:27 info: Загрузка страницы...
02.05.2020 19:21:28 error: Error: Request failed with status code 401
02.05.2020 19:22:44 info: Начало работы скрипта
02.05.2020 19:22:44 info: Загрузка страницы...
02.05.2020 19:23:01 info: Начало работы скрипта
02.05.2020 19:23:01 info: Загрузка страницы...
02.05.2020 19:24:50 info: Начало работы скрипта
02.05.2020 19:24:50 info: Загрузка страницы...
02.05.2020 19:25:02 info: Начало работы скрипта
02.05.2020 19:25:02 info: Загрузка страницы...
02.05.2020 19:25:41 info: Начало работы скрипта
02.05.2020 19:25:41 info: Загрузка страницы...
02.05.2020 19:26:07 info: Начало работы скрипта
02.05.2020 19:26:07 info: Загрузка страницы...
02.05.2020 19:26:07 error: Error: Request failed with status code 401
02.05.2020 19:26:34 info: Начало работы скрипта
02.05.2020 19:26:34 info: Загрузка страницы...
02.05.2020 19:26:34 error: Error: Request failed with status code 401
02.05.2020 19:28:13 info: Начало работы скрипта
02.05.2020 19:28:13 info: Загрузка страницы...
02.05.2020 19:28:13 error: Error: Request failed with status code 404
02.05.2020 19:31:09 info: Начало работы скрипта
02.05.2020 19:31:09 info: Загрузка страницы...
02.05.2020 19:31:09 error: TypeError: config.name is not a function
02.05.2020 19:31:38 info: Начало работы скрипта
02.05.2020 19:31:38 info: Загрузка страницы...
02.05.2020 19:31:38 error: Error: Request failed with status code 401
02.05.2020 19:32:04 info: Начало работы скрипта
02.05.2020 19:32:04 info: Загрузка страницы...
02.05.2020 19:32:05 error: Error: Request failed with status code 401
02.05.2020 19:32:22 info: Начало работы скрипта
02.05.2020 19:32:22 info: Загрузка страницы...
02.05.2020 19:32:22 error: Error: Request failed with status code 401
02.05.2020 19:45:08 info: Начало работы скрипта
02.05.2020 19:45:08 info: Загрузка страницы...
02.05.2020 19:45:09 error: Error: Request failed with status code 401
02.05.2020 19:45:47 info: Начало работы скрипта
02.05.2020 19:45:47 info: Загрузка страницы...
02.05.2020 19:45:48 error: Error: Request failed with status code 401
02.05.2020 19:46:37 info: Начало работы скрипта
02.05.2020 19:46:37 info: Загрузка страницы...
02.05.2020 19:46:38 error: Error: Request failed with status code 401
02.05.2020 19:46:55 info: Начало работы скрипта
02.05.2020 19:46:55 info: Загрузка страницы...
02.05.2020 19:47:33 info: Начало работы скрипта
02.05.2020 19:47:33 info: Загрузка страницы...
02.05.2020 19:48:26 info: Начало работы скрипта
02.05.2020 19:48:26 info: Загрузка страницы...
02.05.2020 19:48:26 error: Error: Request failed with status code 401
02.05.2020 19:48:54 info: Начало работы скрипта
02.05.2020 19:48:54 info: Загрузка страницы...
02.05.2020 19:48:55 error: Error: Request failed with status code 401
02.05.2020 19:49:35 info: Начало работы скрипта
02.05.2020 19:49:35 info: Загрузка страницы...
02.05.2020 19:55:03 info: Начало работы скрипта
02.05.2020 19:55:03 info: Загрузка страницы...
02.05.2020 19:55:40 info: Начало работы скрипта
02.05.2020 19:55:40 info: Загрузка страницы...
02.05.2020 19:56:40 info: Начало работы скрипта
02.05.2020 19:56:40 info: Загрузка страницы...
02.05.2020 19:58:14 info: Начало работы скрипта
02.05.2020 19:58:14 info: Загрузка страницы...
02.05.2020 19:58:14 error: Error: Request failed with status code 401
02.05.2020 19:58:45 info: Начало работы скрипта
02.05.2020 19:58:45 info: Загрузка страницы...
02.05.2020 19:58:46 error: Error: Request failed with status code 401
02.05.2020 20:00:20 info: Начало работы скрипта
02.05.2020 20:00:20 info: Загрузка страницы...
02.05.2020 20:00:20 error: Error: Request failed with status code 401
02.05.2020 20:00:53 info: Начало работы скрипта
02.05.2020 20:00:53 info: Загрузка страницы...
02.05.2020 20:00:54 error: Error: Request failed with status code 401
02.05.2020 20:01:10 info: Начало работы скрипта
02.05.2020 20:01:10 info: Загрузка страницы...
02.05.2020 20:01:11 error: Error: Request failed with status code 401
02.05.2020 20:03:27 info: Начало работы скрипта
02.05.2020 20:03:27 info: Загрузка страницы...
02.05.2020 20:03:28 error: Error: Request failed with status code 401
02.05.2020 20:04:17 info: Начало работы скрипта
02.05.2020 20:04:18 info: Загрузка страницы...
02.05.2020 20:04:18 error: Error: Request failed with status code 401
02.05.2020 20:05:02 info: Начало работы скрипта
02.05.2020 20:05:02 info: Загрузка страницы...
02.05.2020 20:05:03 error: Error: Request failed with status code 401
02.05.2020 20:05:22 info: Начало работы скрипта
02.05.2020 20:05:22 info: Загрузка страницы...
02.05.2020 20:05:22 error: Error: Request failed with status code 401
02.05.2020 20:06:32 info: Начало работы скрипта
02.05.2020 20:06:32 info: Загрузка страницы...
02.05.2020 20:06:33 error: Error: Request failed with status code 401
02.05.2020 20:07:12 info: Начало работы скрипта
02.05.2020 20:07:12 info: Загрузка страницы...
02.05.2020 20:07:13 error: Error: Request failed with status code 401
02.05.2020 20:07:33 info: Начало работы скрипта
02.05.2020 20:07:33 info: Загрузка страницы...
02.05.2020 20:07:33 error: Error: Request failed with status code 401
02.05.2020 20:08:03 info: Начало работы скрипта
02.05.2020 20:08:03 info: Загрузка страницы...
02.05.2020 20:10:29 error: Error: Request failed with status code 401
02.05.2020 20:12:09 info: Начало работы скрипта
02.05.2020 20:12:09 info: Загрузка страницы...
02.05.2020 20:12:09 error: ReferenceError: data is not defined
02.05.2020 20:12:35 info: Начало работы скрипта
02.05.2020 20:12:35 info: Загрузка страницы...
02.05.2020 20:12:35 error: ReferenceError: data is not defined
02.05.2020 20:13:16 info: Начало работы скрипта
02.05.2020 20:13:16 info: Загрузка страницы...
02.05.2020 20:14:04 info: Начало работы скрипта
02.05.2020 20:14:04 info: Загрузка страницы...
02.05.2020 20:14:33 info: Начало работы скрипта
02.05.2020 20:14:33 info: Загрузка страницы...
02.05.2020 20:15:06 info: Начало работы скрипта
02.05.2020 20:15:06 info: Загрузка страницы...
02.05.2020 20:15:38 info: Начало работы скрипта
02.05.2020 20:15:38 info: Загрузка страницы...
02.05.2020 20:16:03 info: Начало работы скрипта
02.05.2020 20:16:03 info: Загрузка страницы...
02.05.2020 20:16:33 info: Начало работы скрипта
02.05.2020 20:16:33 info: Загрузка страницы...
02.05.2020 20:19:24 info: Начало работы скрипта
02.05.2020 20:19:24 info: Загрузка страницы...
02.05.2020 20:19:24 error: Error: Request failed with status code 404
02.05.2020 20:19:39 info: Начало работы скрипта
02.05.2020 20:19:39 info: Загрузка страницы...
02.05.2020 20:19:39 error: Error: Информация по режисёру Todd Haynes111 не найдена!
02.05.2020 20:19:53 info: Начало работы скрипта
02.05.2020 20:19:53 info: Загрузка страницы...
02.05.2020 20:21:05 info: Начало работы скрипта
02.05.2020 20:21:05 info: Загрузка страницы...
02.05.2020 20:25:55 info: Начало работы скрипта
02.05.2020 20:25:55 info: Загрузка страницы...
02.05.2020 20:29:23 info: Начало работы скрипта
02.05.2020 20:29:23 info: Загрузка страницы...
02.05.2020 20:33:58 info: Начало работы скрипта
02.05.2020 20:33:58 info: Загрузка страницы...
02.05.2020 20:35:57 info: Начало работы скрипта
02.05.2020 20:35:57 info: Загрузка страницы...
02.05.2020 20:39:00 info: Начало работы скрипта
02.05.2020 20:39:00 info: Загрузка страницы...
02.05.2020 20:39:16 info: Начало работы скрипта
02.05.2020 20:39:16 info: Загрузка страницы...
02.05.2020 20:39:17 info: Результаты парсинга экспортированы D:\Sait\moviepars\src\out\out.csv
02.05.2020 20:40:53 info: Начало работы скрипта
02.05.2020 20:40:53 info: Загрузка страницы...
02.05.2020 20:40:53 error: Error: Фильмы не найдены!
02.05.2020 20:58:01 info: Начало работы скрипта
02.05.2020 20:58:01 info: Загрузка страницы...
02.05.2020 20:58:02 error: Error: Фильмы не найдены!
02.05.2020 20:58:49 info: Начало работы скрипта
02.05.2020 20:58:49 info: Загрузка страницы...
02.05.2020 20:58:49 error: Error: Фильмы не найдены!
02.05.2020 21:01:41 info: Начало работы скрипта
02.05.2020 21:01:41 info: Загрузка страницы...
02.05.2020 21:01:42 error: Error: Фильмы не найдены!
02.05.2020 21:02:02 info: Начало работы скрипта
02.05.2020 21:02:02 info: Загрузка страницы...
02.05.2020 21:02:03 error: Error: Фильмы не найдены!
02.05.2020 21:05:47 info: Начало работы скрипта
02.05.2020 21:05:47 info: Загрузка страницы...
02.05.2020 21:05:48 error: TypeError: Cannot read property 'split' of undefined
02.05.2020 21:06:38 info: Начало работы скрипта
02.05.2020 21:06:38 info: Загрузка страницы...
02.05.2020 21:06:38 error: TypeError: Cannot read property 'split' of undefined
02.05.2020 21:07:23 info: Начало работы скрипта
02.05.2020 21:07:23 info: Загрузка страницы...
02.05.2020 21:07:23 error: TypeError: Cannot read property 'split' of undefined
02.05.2020 21:08:33 info: Начало работы скрипта
02.05.2020 21:08:33 info: Загрузка страницы...
02.05.2020 21:08:33 error: TypeError: Cannot read property 'split' of undefined
02.05.2020 21:09:06 info: Начало работы скрипта
02.05.2020 21:09:06 info: Загрузка страницы...
02.05.2020 21:09:07 error: TypeError: Cannot read property 'split' of undefined
02.05.2020 21:09:26 info: Начало работы скрипта
02.05.2020 21:09:26 info: Загрузка страницы...
02.05.2020 21:09:27 error: TypeError: Cannot read property 'toString' of undefined
02.05.2020 21:10:25 info: Начало работы скрипта
02.05.2020 21:10:25 info: Загрузка страницы...
02.05.2020 21:10:26 error: ReferenceError: curYear is not defined
02.05.2020 21:11:59 info: Начало работы скрипта
02.05.2020 21:11:59 info: Загрузка страницы...
02.05.2020 21:12:00 error: TypeError: Cannot read property 'slice' of undefined
02.05.2020 21:12:20 info: Начало работы скрипта
02.05.2020 21:12:20 info: Загрузка страницы...
02.05.2020 21:12:20 error: TypeError: Cannot read property 'slice' of undefined
02.05.2020 21:13:03 info: Начало работы скрипта
02.05.2020 21:13:03 info: Загрузка страницы...
02.05.2020 21:13:03 error: TypeError: Cannot read property 'slice' of undefined
02.05.2020 21:13:24 info: Начало работы скрипта
02.05.2020 21:13:24 info: Загрузка страницы...
02.05.2020 21:13:24 error: TypeError: Cannot read property 'slice' of undefined
02.05.2020 21:13:59 info: Начало работы скрипта
02.05.2020 21:13:59 info: Загрузка страницы...
02.05.2020 21:14:00 error: TypeError: Cannot read property 'slice' of undefined
02.05.2020 21:14:36 info: Начало работы скрипта
02.05.2020 21:14:36 info: Загрузка страницы...
02.05.2020 21:14:36 error: TypeError: Cannot read property 'slice' of undefined
02.05.2020 21:15:33 info: Начало работы скрипта
02.05.2020 21:15:33 info: Загрузка страницы...
02.05.2020 21:15:34 error: TypeError: Cannot read property 'slice' of undefined
02.05.2020 21:16:35 info: Начало работы скрипта
02.05.2020 21:16:35 info: Загрузка страницы...
02.05.2020 21:16:36 error: TypeError: Cannot read property 'slice' of undefined
02.05.2020 21:17:04 info: Начало работы скрипта
02.05.2020 21:17:04 info: Загрузка страницы...
02.05.2020 21:17:05 error: Error: Фильмы не найдены!
02.05.2020 21:18:49 info: Начало работы скрипта
02.05.2020 21:18:49 info: Загрузка страницы...
02.05.2020 21:18:50 error: Error: Фильмы не найдены!
02.05.2020 21:19:46 info: Начало работы скрипта
02.05.2020 21:19:46 info: Загрузка страницы...
02.05.2020 21:19:47 info: Результаты парсинга экспортированы D:\Sait\moviepars\src\out\out.csv
04.05.2020 11:44:16 info: Начало работы скрипта
04.05.2020 11:44:16 info: Загрузка страницы...
04.05.2020 11:44:17 info: Результаты парсинга экспортированы D:\Sait\moviepars\src\out\out.csv
04.05.2020 11:46:31 info: Начало работы скрипта
04.05.2020 11:46:31 info: Загрузка страницы...
04.05.2020 11:46:32 info: Результаты парсинга экспортированы D:\Sait\moviepars\src\out\out.csv
04.05.2020 12:11:23 info: Начало работы скрипта
04.05.2020 12:11:23 info: Загрузка страницы...
04.05.2020 12:11:24 info: Результаты парсинга экспортированы D:\Sait\moviepars\src\out\out.csv
